  main.cpp
C:\Users\logro\OneDrive\Рабочий стол\DisplayFrame\DisplayFrame\DisplayFrame\main.cpp(101,24): warning C4305: аргумент: усечение из "double" в "GLfloat"
C:\Users\logro\OneDrive\Рабочий стол\DisplayFrame\DisplayFrame\DisplayFrame\main.cpp(101,19): warning C4305: аргумент: усечение из "double" в "GLfloat"
C:\Users\logro\OneDrive\Рабочий стол\DisplayFrame\DisplayFrame\DisplayFrame\main.cpp(101,14): warning C4305: аргумент: усечение из "double" в "GLfloat"
C:\Users\logro\OneDrive\Рабочий стол\DisplayFrame\DisplayFrame\DisplayFrame\main.cpp(110,22): warning C4244: =: преобразование "double" в "float", возможна потеря данных
C:\Users\logro\OneDrive\Рабочий стол\DisplayFrame\DisplayFrame\DisplayFrame\main.cpp(111,43): warning C4244: аргумент: преобразование "double" в "GLfloat", возможна потеря данных
C:\Users\logro\OneDrive\Рабочий стол\DisplayFrame\DisplayFrame\DisplayFrame\main.cpp(111,27): warning C4244: аргумент: преобразование "double" в "GLfloat", возможна потеря данных
C:\Users\logro\OneDrive\Рабочий стол\DisplayFrame\DisplayFrame\DisplayFrame\main.cpp(121,21): warning C4244: =: преобразование "double" в "float", возможна потеря данных
C:\Users\logro\OneDrive\Рабочий стол\DisplayFrame\DisplayFrame\DisplayFrame\main.cpp(122,45): warning C4244: аргумент: преобразование "double" в "GLfloat", возможна потеря данных
C:\Users\logro\OneDrive\Рабочий стол\DisplayFrame\DisplayFrame\DisplayFrame\main.cpp(122,26): warning C4244: аргумент: преобразование "double" в "GLfloat", возможна потеря данных
C:\Users\logro\OneDrive\Рабочий стол\DisplayFrame\DisplayFrame\DisplayFrame\main.cpp(123,42): warning C4244: аргумент: преобразование "double" в "GLfloat", возможна потеря данных
C:\Users\logro\OneDrive\Рабочий стол\DisplayFrame\DisplayFrame\DisplayFrame\main.cpp(123,26): warning C4244: аргумент: преобразование "double" в "GLfloat", возможна потеря данных
C:\Users\logro\OneDrive\Рабочий стол\DisplayFrame\DisplayFrame\DisplayFrame\main.cpp(125,22): warning C4244: =: преобразование "double" в "float", возможна потеря данных
C:\Users\logro\OneDrive\Рабочий стол\DisplayFrame\DisplayFrame\DisplayFrame\main.cpp(126,45): warning C4244: аргумент: преобразование "double" в "GLfloat", возможна потеря данных
C:\Users\logro\OneDrive\Рабочий стол\DisplayFrame\DisplayFrame\DisplayFrame\main.cpp(126,26): warning C4244: аргумент: преобразование "double" в "GLfloat", возможна потеря данных
C:\Users\logro\OneDrive\Рабочий стол\DisplayFrame\DisplayFrame\DisplayFrame\main.cpp(127,42): warning C4244: аргумент: преобразование "double" в "GLfloat", возможна потеря данных
C:\Users\logro\OneDrive\Рабочий стол\DisplayFrame\DisplayFrame\DisplayFrame\main.cpp(127,26): warning C4244: аргумент: преобразование "double" в "GLfloat", возможна потеря данных
C:\Users\logro\OneDrive\Рабочий стол\DisplayFrame\DisplayFrame\DisplayFrame\main.cpp(129,22): warning C4244: =: преобразование "double" в "float", возможна потеря данных
C:\Users\logro\OneDrive\Рабочий стол\DisplayFrame\DisplayFrame\DisplayFrame\main.cpp(130,45): warning C4244: аргумент: преобразование "double" в "GLfloat", возможна потеря данных
C:\Users\logro\OneDrive\Рабочий стол\DisplayFrame\DisplayFrame\DisplayFrame\main.cpp(130,26): warning C4244: аргумент: преобразование "double" в "GLfloat", возможна потеря данных
C:\Users\logro\OneDrive\Рабочий стол\DisplayFrame\DisplayFrame\DisplayFrame\main.cpp(131,42): warning C4244: аргумент: преобразование "double" в "GLfloat", возможна потеря данных
C:\Users\logro\OneDrive\Рабочий стол\DisplayFrame\DisplayFrame\DisplayFrame\main.cpp(131,26): warning C4244: аргумент: преобразование "double" в "GLfloat", возможна потеря данных
C:\Users\logro\OneDrive\Рабочий стол\DisplayFrame\DisplayFrame\DisplayFrame\main.cpp(133,22): warning C4244: =: преобразование "double" в "float", возможна потеря данных
C:\Users\logro\OneDrive\Рабочий стол\DisplayFrame\DisplayFrame\DisplayFrame\main.cpp(134,45): warning C4244: аргумент: преобразование "double" в "GLfloat", возможна потеря данных
C:\Users\logro\OneDrive\Рабочий стол\DisplayFrame\DisplayFrame\DisplayFrame\main.cpp(134,26): warning C4244: аргумент: преобразование "double" в "GLfloat", возможна потеря данных
C:\Users\logro\OneDrive\Рабочий стол\DisplayFrame\DisplayFrame\DisplayFrame\main.cpp(135,42): warning C4244: аргумент: преобразование "double" в "GLfloat", возможна потеря данных
C:\Users\logro\OneDrive\Рабочий стол\DisplayFrame\DisplayFrame\DisplayFrame\main.cpp(135,26): warning C4244: аргумент: преобразование "double" в "GLfloat", возможна потеря данных
C:\Users\logro\OneDrive\Рабочий стол\DisplayFrame\DisplayFrame\DisplayFrame\main.cpp(137,22): warning C4244: =: преобразование "double" в "float", возможна потеря данных
C:\Users\logro\OneDrive\Рабочий стол\DisplayFrame\DisplayFrame\DisplayFrame\main.cpp(138,45): warning C4244: аргумент: преобразование "double" в "GLfloat", возможна потеря данных
C:\Users\logro\OneDrive\Рабочий стол\DisplayFrame\DisplayFrame\DisplayFrame\main.cpp(138,26): warning C4244: аргумент: преобразование "double" в "GLfloat", возможна потеря данных
C:\Users\logro\OneDrive\Рабочий стол\DisplayFrame\DisplayFrame\DisplayFrame\main.cpp(139,42): warning C4244: аргумент: преобразование "double" в "GLfloat", возможна потеря данных
C:\Users\logro\OneDrive\Рабочий стол\DisplayFrame\DisplayFrame\DisplayFrame\main.cpp(139,26): warning C4244: аргумент: преобразование "double" в "GLfloat", возможна потеря данных
C:\Users\logro\OneDrive\Рабочий стол\DisplayFrame\DisplayFrame\DisplayFrame\main.cpp(141,22): warning C4244: =: преобразование "double" в "float", возможна потеря данных
C:\Users\logro\OneDrive\Рабочий стол\DisplayFrame\DisplayFrame\DisplayFrame\main.cpp(142,45): warning C4244: аргумент: преобразование "double" в "GLfloat", возможна потеря данных
C:\Users\logro\OneDrive\Рабочий стол\DisplayFrame\DisplayFrame\DisplayFrame\main.cpp(142,26): warning C4244: аргумент: преобразование "double" в "GLfloat", возможна потеря данных
C:\Users\logro\OneDrive\Рабочий стол\DisplayFrame\DisplayFrame\DisplayFrame\main.cpp(143,42): warning C4244: аргумент: преобразование "double" в "GLfloat", возможна потеря данных
C:\Users\logro\OneDrive\Рабочий стол\DisplayFrame\DisplayFrame\DisplayFrame\main.cpp(143,26): warning C4244: аргумент: преобразование "double" в "GLfloat", возможна потеря данных
C:\Users\logro\OneDrive\Рабочий стол\DisplayFrame\DisplayFrame\DisplayFrame\main.cpp(145,23): warning C4244: =: преобразование "double" в "float", возможна потеря данных
C:\Users\logro\OneDrive\Рабочий стол\DisplayFrame\DisplayFrame\DisplayFrame\main.cpp(146,45): warning C4244: аргумент: преобразование "double" в "GLfloat", возможна потеря данных
C:\Users\logro\OneDrive\Рабочий стол\DisplayFrame\DisplayFrame\DisplayFrame\main.cpp(146,26): warning C4244: аргумент: преобразование "double" в "GLfloat", возможна потеря данных
C:\Users\logro\OneDrive\Рабочий стол\DisplayFrame\DisplayFrame\DisplayFrame\main.cpp(147,42): warning C4244: аргумент: преобразование "double" в "GLfloat", возможна потеря данных
C:\Users\logro\OneDrive\Рабочий стол\DisplayFrame\DisplayFrame\DisplayFrame\main.cpp(147,26): warning C4244: аргумент: преобразование "double" в "GLfloat", возможна потеря данных
C:\Users\logro\OneDrive\Рабочий стол\DisplayFrame\DisplayFrame\DisplayFrame\main.cpp(150,21): warning C4244: =: преобразование "double" в "float", возможна потеря данных
C:\Users\logro\OneDrive\Рабочий стол\DisplayFrame\DisplayFrame\DisplayFrame\main.cpp(151,45): warning C4244: аргумент: преобразование "double" в "GLfloat", возможна потеря данных
C:\Users\logro\OneDrive\Рабочий стол\DisplayFrame\DisplayFrame\DisplayFrame\main.cpp(151,26): warning C4244: аргумент: преобразование "double" в "GLfloat", возможна потеря данных
C:\Users\logro\OneDrive\Рабочий стол\DisplayFrame\DisplayFrame\DisplayFrame\main.cpp(152,42): warning C4244: аргумент: преобразование "double" в "GLfloat", возможна потеря данных
C:\Users\logro\OneDrive\Рабочий стол\DisplayFrame\DisplayFrame\DisplayFrame\main.cpp(152,26): warning C4244: аргумент: преобразование "double" в "GLfloat", возможна потеря данных
C:\Users\logro\OneDrive\Рабочий стол\DisplayFrame\DisplayFrame\DisplayFrame\main.cpp(154,22): warning C4244: =: преобразование "double" в "float", возможна потеря данных
C:\Users\logro\OneDrive\Рабочий стол\DisplayFrame\DisplayFrame\DisplayFrame\main.cpp(155,45): warning C4244: аргумент: преобразование "double" в "GLfloat", возможна потеря данных
C:\Users\logro\OneDrive\Рабочий стол\DisplayFrame\DisplayFrame\DisplayFrame\main.cpp(155,26): warning C4244: аргумент: преобразование "double" в "GLfloat", возможна потеря данных
C:\Users\logro\OneDrive\Рабочий стол\DisplayFrame\DisplayFrame\DisplayFrame\main.cpp(156,42): warning C4244: аргумент: преобразование "double" в "GLfloat", возможна потеря данных
C:\Users\logro\OneDrive\Рабочий стол\DisplayFrame\DisplayFrame\DisplayFrame\main.cpp(156,26): warning C4244: аргумент: преобразование "double" в "GLfloat", возможна потеря данных
C:\Users\logro\OneDrive\Рабочий стол\DisplayFrame\DisplayFrame\DisplayFrame\main.cpp(158,22): warning C4244: =: преобразование "double" в "float", возможна потеря данных
C:\Users\logro\OneDrive\Рабочий стол\DisplayFrame\DisplayFrame\DisplayFrame\main.cpp(159,45): warning C4244: аргумент: преобразование "double" в "GLfloat", возможна потеря данных
C:\Users\logro\OneDrive\Рабочий стол\DisplayFrame\DisplayFrame\DisplayFrame\main.cpp(159,26): warning C4244: аргумент: преобразование "double" в "GLfloat", возможна потеря данных
C:\Users\logro\OneDrive\Рабочий стол\DisplayFrame\DisplayFrame\DisplayFrame\main.cpp(160,42): warning C4244: аргумент: преобразование "double" в "GLfloat", возможна потеря данных
C:\Users\logro\OneDrive\Рабочий стол\DisplayFrame\DisplayFrame\DisplayFrame\main.cpp(160,26): warning C4244: аргумент: преобразование "double" в "GLfloat", возможна потеря данных
C:\Users\logro\OneDrive\Рабочий стол\DisplayFrame\DisplayFrame\DisplayFrame\main.cpp(162,22): warning C4244: =: преобразование "double" в "float", возможна потеря данных
C:\Users\logro\OneDrive\Рабочий стол\DisplayFrame\DisplayFrame\DisplayFrame\main.cpp(163,45): warning C4244: аргумент: преобразование "double" в "GLfloat", возможна потеря данных
C:\Users\logro\OneDrive\Рабочий стол\DisplayFrame\DisplayFrame\DisplayFrame\main.cpp(163,26): warning C4244: аргумент: преобразование "double" в "GLfloat", возможна потеря данных
C:\Users\logro\OneDrive\Рабочий стол\DisplayFrame\DisplayFrame\DisplayFrame\main.cpp(164,42): warning C4244: аргумент: преобразование "double" в "GLfloat", возможна потеря данных
C:\Users\logro\OneDrive\Рабочий стол\DisplayFrame\DisplayFrame\DisplayFrame\main.cpp(164,26): warning C4244: аргумент: преобразование "double" в "GLfloat", возможна потеря данных
C:\Users\logro\OneDrive\Рабочий стол\DisplayFrame\DisplayFrame\DisplayFrame\main.cpp(166,22): warning C4244: =: преобразование "double" в "float", возможна потеря данных
C:\Users\logro\OneDrive\Рабочий стол\DisplayFrame\DisplayFrame\DisplayFrame\main.cpp(167,45): warning C4244: аргумент: преобразование "double" в "GLfloat", возможна потеря данных
C:\Users\logro\OneDrive\Рабочий стол\DisplayFrame\DisplayFrame\DisplayFrame\main.cpp(167,26): warning C4244: аргумент: преобразование "double" в "GLfloat", возможна потеря данных
C:\Users\logro\OneDrive\Рабочий стол\DisplayFrame\DisplayFrame\DisplayFrame\main.cpp(168,42): warning C4244: аргумент: преобразование "double" в "GLfloat", возможна потеря данных
C:\Users\logro\OneDrive\Рабочий стол\DisplayFrame\DisplayFrame\DisplayFrame\main.cpp(168,26): warning C4244: аргумент: преобразование "double" в "GLfloat", возможна потеря данных
C:\Users\logro\OneDrive\Рабочий стол\DisplayFrame\DisplayFrame\DisplayFrame\main.cpp(170,22): warning C4244: =: преобразование "double" в "float", возможна потеря данных
C:\Users\logro\OneDrive\Рабочий стол\DisplayFrame\DisplayFrame\DisplayFrame\main.cpp(171,45): warning C4244: аргумент: преобразование "double" в "GLfloat", возможна потеря данных
C:\Users\logro\OneDrive\Рабочий стол\DisplayFrame\DisplayFrame\DisplayFrame\main.cpp(171,26): warning C4244: аргумент: преобразование "double" в "GLfloat", возможна потеря данных
C:\Users\logro\OneDrive\Рабочий стол\DisplayFrame\DisplayFrame\DisplayFrame\main.cpp(172,42): warning C4244: аргумент: преобразование "double" в "GLfloat", возможна потеря данных
C:\Users\logro\OneDrive\Рабочий стол\DisplayFrame\DisplayFrame\DisplayFrame\main.cpp(172,26): warning C4244: аргумент: преобразование "double" в "GLfloat", возможна потеря данных
C:\Users\logro\OneDrive\Рабочий стол\DisplayFrame\DisplayFrame\DisplayFrame\main.cpp(176,22): warning C4244: =: преобразование "double" в "float", возможна потеря данных
C:\Users\logro\OneDrive\Рабочий стол\DisplayFrame\DisplayFrame\DisplayFrame\main.cpp(177,46): warning C4244: аргумент: преобразование "double" в "GLfloat", возможна потеря данных
C:\Users\logro\OneDrive\Рабочий стол\DisplayFrame\DisplayFrame\DisplayFrame\main.cpp(177,27): warning C4244: аргумент: преобразование "double" в "GLfloat", возможна потеря данных
C:\Users\logro\OneDrive\Рабочий стол\DisplayFrame\DisplayFrame\DisplayFrame\main.cpp(178,43): warning C4244: аргумент: преобразование "double" в "GLfloat", возможна потеря данных
C:\Users\logro\OneDrive\Рабочий стол\DisplayFrame\DisplayFrame\DisplayFrame\main.cpp(178,27): warning C4244: аргумент: преобразование "double" в "GLfloat", возможна потеря данных
C:\Users\logro\OneDrive\Рабочий стол\DisplayFrame\DisplayFrame\DisplayFrame\main.cpp(185,21): warning C4305: аргумент: усечение из "double" в "GLfloat"
C:\Users\logro\OneDrive\Рабочий стол\DisplayFrame\DisplayFrame\DisplayFrame\main.cpp(185,13): warning C4305: аргумент: усечение из "double" в "GLfloat"
C:\Users\logro\OneDrive\Рабочий стол\DisplayFrame\DisplayFrame\DisplayFrame\main.cpp(203,18): warning C4305: аргумент: усечение из "double" в "GLfloat"
C:\Users\logro\OneDrive\Рабочий стол\DisplayFrame\DisplayFrame\DisplayFrame\main.cpp(209,8): warning C4305: =: усечение из "double" в "float"
C:\Users\logro\OneDrive\Рабочий стол\DisplayFrame\DisplayFrame\DisplayFrame\main.cpp(211,19): warning C4305: аргумент: усечение из "double" в "GLfloat"
C:\Users\logro\OneDrive\Рабочий стол\DisplayFrame\DisplayFrame\DisplayFrame\main.cpp(212,22): warning C4305: аргумент: усечение из "double" в "GLfloat"
C:\Users\logro\OneDrive\Рабочий стол\DisplayFrame\DisplayFrame\DisplayFrame\main.cpp(212,15): warning C4305: аргумент: усечение из "double" в "GLfloat"
C:\Users\logro\OneDrive\Рабочий стол\DisplayFrame\DisplayFrame\DisplayFrame\main.cpp(213,21): warning C4305: аргумент: усечение из "double" в "GLfloat"
C:\Users\logro\OneDrive\Рабочий стол\DisplayFrame\DisplayFrame\DisplayFrame\main.cpp(213,15): warning C4305: аргумент: усечение из "double" в "GLfloat"
C:\Users\logro\OneDrive\Рабочий стол\DisplayFrame\DisplayFrame\DisplayFrame\main.cpp(214,18): warning C4305: аргумент: усечение из "double" в "GLfloat"
C:\Users\logro\OneDrive\Рабочий стол\DisplayFrame\DisplayFrame\DisplayFrame\main.cpp(218,27): warning C4244: =: преобразование "double" в "float", возможна потеря данных
C:\Users\logro\OneDrive\Рабочий стол\DisplayFrame\DisplayFrame\DisplayFrame\main.cpp(219,43): warning C4244: аргумент: преобразование "double" в "GLfloat", возможна потеря данных
C:\Users\logro\OneDrive\Рабочий стол\DisplayFrame\DisplayFrame\DisplayFrame\main.cpp(219,27): warning C4244: аргумент: преобразование "double" в "GLfloat", возможна потеря данных
C:\Users\logro\OneDrive\Рабочий стол\DisplayFrame\DisplayFrame\DisplayFrame\main.cpp(223,21): warning C4305: аргумент: усечение из "double" в "GLfloat"
C:\Users\logro\OneDrive\Рабочий стол\DisplayFrame\DisplayFrame\DisplayFrame\main.cpp(223,13): warning C4305: аргумент: усечение из "double" в "GLfloat"
C:\Users\logro\OneDrive\Рабочий стол\DisplayFrame\DisplayFrame\DisplayFrame\main.cpp(234,105): warning C4244: аргумент: преобразование "double" в "GLfloat", возможна потеря данных
C:\Users\logro\OneDrive\Рабочий стол\DisplayFrame\DisplayFrame\DisplayFrame\main.cpp(235,56): warning C4244: аргумент: преобразование "double" в "GLfloat", возможна потеря данных
C:\Users\logro\OneDrive\Рабочий стол\DisplayFrame\DisplayFrame\DisplayFrame\main.cpp(236,23): warning C4244: аргумент: преобразование "double" в "GLfloat", возможна потеря данных
C:\Users\logro\OneDrive\Рабочий стол\DisplayFrame\DisplayFrame\DisplayFrame\main.cpp(240,18): warning C4305: аргумент: усечение из "double" в "GLfloat"
C:\Users\logro\OneDrive\Рабочий стол\DisplayFrame\DisplayFrame\DisplayFrame\main.cpp(243,26): warning C4305: аргумент: усечение из "double" в "GLfloat"
C:\Users\logro\OneDrive\Рабочий стол\DisplayFrame\DisplayFrame\DisplayFrame\main.cpp(243,20): warning C4305: аргумент: усечение из "double" в "GLfloat"
C:\Users\logro\OneDrive\Рабочий стол\DisplayFrame\DisplayFrame\DisplayFrame\main.cpp(243,14): warning C4305: аргумент: усечение из "double" в "GLfloat"
C:\Users\logro\OneDrive\Рабочий стол\DisplayFrame\DisplayFrame\DisplayFrame\main.cpp(244,21): warning C4305: аргумент: усечение из "double" в "GLfloat"
C:\Users\logro\OneDrive\Рабочий стол\DisplayFrame\DisplayFrame\DisplayFrame\main.cpp(244,15): warning C4305: аргумент: усечение из "double" в "GLfloat"
C:\Users\logro\OneDrive\Рабочий стол\DisplayFrame\DisplayFrame\DisplayFrame\main.cpp(246,22): warning C4305: аргумент: усечение из "double" в "GLfloat"
C:\Users\logro\OneDrive\Рабочий стол\DisplayFrame\DisplayFrame\DisplayFrame\main.cpp(246,15): warning C4305: аргумент: усечение из "double" в "GLfloat"
C:\Users\logro\OneDrive\Рабочий стол\DisplayFrame\DisplayFrame\DisplayFrame\main.cpp(255,87): warning C4244: аргумент: преобразование "double" в "GLfloat", возможна потеря данных
C:\Users\logro\OneDrive\Рабочий стол\DisplayFrame\DisplayFrame\DisplayFrame\main.cpp(256,50): warning C4244: аргумент: преобразование "double" в "GLfloat", возможна потеря данных
C:\Users\logro\OneDrive\Рабочий стол\DisplayFrame\DisplayFrame\DisplayFrame\main.cpp(257,23): warning C4244: аргумент: преобразование "double" в "GLfloat", возможна потеря данных
C:\Users\logro\OneDrive\Рабочий стол\DisplayFrame\DisplayFrame\DisplayFrame\main.cpp(261,18): warning C4305: аргумент: усечение из "double" в "GLfloat"
C:\Users\logro\OneDrive\Рабочий стол\DisplayFrame\DisplayFrame\DisplayFrame\main.cpp(266,16): warning C4305: аргумент: усечение из "double" в "GLfloat"
C:\Users\logro\OneDrive\Рабочий стол\DisplayFrame\DisplayFrame\DisplayFrame\main.cpp(267,23): warning C4305: аргумент: усечение из "double" в "GLfloat"
C:\Users\logro\OneDrive\Рабочий стол\DisplayFrame\DisplayFrame\DisplayFrame\main.cpp(267,16): warning C4305: аргумент: усечение из "double" в "GLfloat"
C:\Users\logro\OneDrive\Рабочий стол\DisplayFrame\DisplayFrame\DisplayFrame\main.cpp(268,22): warning C4305: аргумент: усечение из "double" в "GLfloat"
C:\Users\logro\OneDrive\Рабочий стол\DisplayFrame\DisplayFrame\DisplayFrame\main.cpp(268,16): warning C4305: аргумент: усечение из "double" в "GLfloat"
C:\Users\logro\OneDrive\Рабочий стол\DisplayFrame\DisplayFrame\DisplayFrame\main.cpp(269,19): warning C4305: аргумент: усечение из "double" в "GLfloat"
C:\Users\logro\OneDrive\Рабочий стол\DisplayFrame\DisplayFrame\DisplayFrame\main.cpp(270,18): warning C4305: аргумент: усечение из "double" в "GLfloat"
C:\Users\logro\OneDrive\Рабочий стол\DisplayFrame\DisplayFrame\DisplayFrame\main.cpp(275,24): warning C4305: аргумент: усечение из "double" в "GLfloat"
C:\Users\logro\OneDrive\Рабочий стол\DisplayFrame\DisplayFrame\DisplayFrame\main.cpp(279,25): warning C4305: аргумент: усечение из "double" в "GLfloat"
C:\Users\logro\OneDrive\Рабочий стол\DisplayFrame\DisplayFrame\DisplayFrame\main.cpp(279,20): warning C4305: аргумент: усечение из "double" в "GLfloat"
C:\Users\logro\OneDrive\Рабочий стол\DisplayFrame\DisplayFrame\DisplayFrame\main.cpp(279,14): warning C4305: аргумент: усечение из "double" в "GLfloat"
C:\Users\logro\OneDrive\Рабочий стол\DisplayFrame\DisplayFrame\DisplayFrame\main.cpp(280,23): warning C4305: аргумент: усечение из "double" в "GLfloat"
C:\Users\logro\OneDrive\Рабочий стол\DisplayFrame\DisplayFrame\DisplayFrame\main.cpp(280,16): warning C4305: аргумент: усечение из "double" в "GLfloat"
C:\Users\logro\OneDrive\Рабочий стол\DisplayFrame\DisplayFrame\DisplayFrame\main.cpp(281,22): warning C4305: аргумент: усечение из "double" в "GLfloat"
C:\Users\logro\OneDrive\Рабочий стол\DisplayFrame\DisplayFrame\DisplayFrame\main.cpp(281,15): warning C4305: аргумент: усечение из "double" в "GLfloat"
C:\Users\logro\OneDrive\Рабочий стол\DisplayFrame\DisplayFrame\DisplayFrame\main.cpp(282,21): warning C4305: аргумент: усечение из "double" в "GLfloat"
C:\Users\logro\OneDrive\Рабочий стол\DisplayFrame\DisplayFrame\DisplayFrame\main.cpp(282,15): warning C4305: аргумент: усечение из "double" в "GLfloat"
C:\Users\logro\OneDrive\Рабочий стол\DisplayFrame\DisplayFrame\DisplayFrame\main.cpp(283,22): warning C4305: аргумент: усечение из "double" в "GLfloat"
C:\Users\logro\OneDrive\Рабочий стол\DisplayFrame\DisplayFrame\DisplayFrame\main.cpp(283,16): warning C4305: аргумент: усечение из "double" в "GLfloat"
C:\Users\logro\OneDrive\Рабочий стол\DisplayFrame\DisplayFrame\DisplayFrame\main.cpp(288,21): warning C4305: аргумент: усечение из "double" в "GLfloat"
C:\Users\logro\OneDrive\Рабочий стол\DisplayFrame\DisplayFrame\DisplayFrame\main.cpp(288,13): warning C4305: аргумент: усечение из "double" в "GLfloat"
C:\Users\logro\OneDrive\Рабочий стол\DisplayFrame\DisplayFrame\DisplayFrame\main.cpp(293,51): warning C4305: аргумент: усечение из "double" в "float"
C:\Users\logro\OneDrive\Рабочий стол\DisplayFrame\DisplayFrame\DisplayFrame\main.cpp(293,45): warning C4305: аргумент: усечение из "double" в "float"
C:\Users\logro\OneDrive\Рабочий стол\DisplayFrame\DisplayFrame\DisplayFrame\main.cpp(293,39): warning C4305: аргумент: усечение из "double" в "float"
C:\Users\logro\OneDrive\Рабочий стол\DisplayFrame\DisplayFrame\DisplayFrame\main.cpp(294,55): warning C4305: аргумент: усечение из "double" в "float"
C:\Users\logro\OneDrive\Рабочий стол\DisplayFrame\DisplayFrame\DisplayFrame\main.cpp(294,49): warning C4305: аргумент: усечение из "double" в "float"
C:\Users\logro\OneDrive\Рабочий стол\DisplayFrame\DisplayFrame\DisplayFrame\main.cpp(294,43): warning C4305: аргумент: усечение из "double" в "float"
C:\Users\logro\OneDrive\Рабочий стол\DisplayFrame\DisplayFrame\DisplayFrame\main.cpp(298,58): warning C4305: +=: усечение из "double" в "float"
C:\Users\logro\OneDrive\Рабочий стол\DisplayFrame\DisplayFrame\DisplayFrame\main.cpp(298,84): warning C4305: -=: усечение из "double" в "float"
C:\Users\logro\OneDrive\Рабочий стол\DisplayFrame\DisplayFrame\DisplayFrame\main.cpp(309,12): warning C4244: return: преобразование "WPARAM" в "int", возможна потеря данных
  DisplayFrame.vcxproj -> C:\Users\logro\OneDrive\Рабочий стол\DisplayFrame\DisplayFrame\x64\Debug\DisplayFrame.exe
